<?xml version="1.0" encoding="UTF-8" ?>
<testsuite failures="0" time="3.16" errors="0" skipped="0" tests="5" name="eu.masconsult.test.ItemServiceTest">
  <properties>
    <property name="java.runtime.name" value="Java(TM) SE Runtime Environment"/>
    <property name="sun.boot.library.path" value="/usr/lib/jvm/java-6-sun-1.6.0.26/jre/lib/i386"/>
    <property name="java.vm.version" value="20.1-b02"/>
    <property name="java.vm.vendor" value="Sun Microsystems Inc."/>
    <property name="java.vendor.url" value="http://java.sun.com/"/>
    <property name="path.separator" value=":"/>
    <property name="java.vm.name" value="Java HotSpot(TM) Server VM"/>
    <property name="file.encoding.pkg" value="sun.io"/>
    <property name="user.country" value="US"/>
    <property name="sun.java.launcher" value="SUN_STANDARD"/>
    <property name="sun.os.patch.level" value="unknown"/>
    <property name="java.vm.specification.name" value="Java Virtual Machine Specification"/>
    <property name="user.dir" value="/home/dani/src/neoWrapper/neowrapper"/>
    <property name="java.runtime.version" value="1.6.0_26-b03"/>
    <property name="neo4j.ext.udc.source" value="maven"/>
    <property name="java.awt.graphicsenv" value="sun.awt.X11GraphicsEnvironment"/>
    <property name="basedir" value="/home/dani/src/neoWrapper/neowrapper"/>
    <property name="java.endorsed.dirs" value="/usr/lib/jvm/java-6-sun-1.6.0.26/jre/lib/endorsed"/>
    <property name="os.arch" value="i386"/>
    <property name="surefire.real.class.path" value="/tmp/surefirebooter6548005333636337616.jar"/>
    <property name="java.io.tmpdir" value="/tmp"/>
    <property name="line.separator" value="
"/>
    <property name="java.vm.specification.vendor" value="Sun Microsystems Inc."/>
    <property name="os.name" value="Linux"/>
    <property name="sun.jnu.encoding" value="UTF-8"/>
    <property name="java.library.path" value="/usr/lib/jvm/java-6-sun-1.6.0.26/jre/lib/i386/server:/usr/lib/jvm/java-6-sun-1.6.0.26/jre/lib/i386:/usr/lib/jvm/java-6-sun-1.6.0.26/jre/../lib/i386:/usr/java/packages/lib/i386:/lib:/usr/lib"/>
    <property name="surefire.test.class.path" value="/home/dani/src/neoWrapper/neowrapper/target/test-classes:/home/dani/src/neoWrapper/neowrapper/target/classes:/home/dani/.m2/repository/junit/junit/4.4/junit-4.4.jar:/home/dani/.m2/repository/com/sun/jersey/jersey-server/1.8/jersey-server-1.8.jar:/home/dani/.m2/repository/asm/asm/3.1/asm-3.1.jar:/home/dani/.m2/repository/com/sun/jersey/jersey-core/1.8/jersey-core-1.8.jar:/home/dani/.m2/repository/org/neo4j/neo4j/1.4.M06/neo4j-1.4.M06.jar:/home/dani/.m2/repository/org/neo4j/neo4j-kernel/1.4.M06/neo4j-kernel-1.4.M06.jar:/home/dani/.m2/repository/org/apache/geronimo/specs/geronimo-jta_1.1_spec/1.1.1/geronimo-jta_1.1_spec-1.1.1.jar:/home/dani/.m2/repository/org/neo4j/neo4j-lucene-index/1.4.M06/neo4j-lucene-index-1.4.M06.jar:/home/dani/.m2/repository/org/apache/lucene/lucene-core/3.1.0/lucene-core-3.1.0.jar:/home/dani/.m2/repository/org/neo4j/neo4j-graph-algo/1.4.M06/neo4j-graph-algo-1.4.M06.jar:/home/dani/.m2/repository/org/neo4j/neo4j-udc/1.4.M06/neo4j-udc-1.4.M06.jar:/home/dani/.m2/repository/org/neo4j/neo4j-graph-matching/1.4.M06/neo4j-graph-matching-1.4.M06.jar:/home/dani/.m2/repository/org/neo4j/neo4j-cypher/1.4.M06/neo4j-cypher-1.4.M06.jar:/home/dani/.m2/repository/org/scala-lang/scala-library/2.9.0-1/scala-library-2.9.0-1.jar:/home/dani/.m2/repository/org/neo4j/neo4j-jmx/1.4.M06/neo4j-jmx-1.4.M06.jar:/home/dani/.m2/repository/org/neo4j/neo4j-kernel/1.4.M06/neo4j-kernel-1.4.M06-tests.jar:/home/dani/.m2/repository/com/sun/jersey/jersey-client/1.8/jersey-client-1.8.jar:/home/dani/.m2/repository/org/codehaus/jackson/jackson-jaxrs/1.8.0/jackson-jaxrs-1.8.0.jar:/home/dani/.m2/repository/org/codehaus/jackson/jackson-core-asl/1.8.0/jackson-core-asl-1.8.0.jar:/home/dani/.m2/repository/org/codehaus/jackson/jackson-mapper-asl/1.8.0/jackson-mapper-asl-1.8.0.jar:/home/dani/.m2/repository/com/sun/jersey/jersey-json/1.8/jersey-json-1.8.jar:/home/dani/.m2/repository/org/codehaus/jettison/jettison/1.2/jettison-1.2.jar:/home/dani/.m2/repository/stax/stax-api/1.0.1/stax-api-1.0.1.jar:/home/dani/.m2/repository/com/sun/xml/bind/jaxb-impl/2.2.3-1/jaxb-impl-2.2.3-1.jar:/home/dani/.m2/repository/javax/xml/bind/jaxb-api/2.2.2/jaxb-api-2.2.2.jar:/home/dani/.m2/repository/javax/xml/stream/stax-api/1.0-2/stax-api-1.0-2.jar:/home/dani/.m2/repository/javax/activation/activation/1.1/activation-1.1.jar:/home/dani/.m2/repository/org/codehaus/jackson/jackson-xc/1.7.1/jackson-xc-1.7.1.jar:"/>
    <property name="java.specification.name" value="Java Platform API Specification"/>
    <property name="java.class.version" value="50.0"/>
    <property name="sun.management.compiler" value="HotSpot Tiered Compilers"/>
    <property name="os.version" value="2.6.38-10-generic-pae"/>
    <property name="user.home" value="/home/dani"/>
    <property name="user.timezone" value="Europe/Sofia"/>
    <property name="java.awt.printerjob" value="sun.print.PSPrinterJob"/>
    <property name="java.specification.version" value="1.6"/>
    <property name="file.encoding" value="UTF-8"/>
    <property name="user.name" value="dani"/>
    <property name="java.class.path" value="/home/dani/src/neoWrapper/neowrapper/target/test-classes:/home/dani/src/neoWrapper/neowrapper/target/classes:/home/dani/.m2/repository/junit/junit/4.4/junit-4.4.jar:/home/dani/.m2/repository/com/sun/jersey/jersey-server/1.8/jersey-server-1.8.jar:/home/dani/.m2/repository/asm/asm/3.1/asm-3.1.jar:/home/dani/.m2/repository/com/sun/jersey/jersey-core/1.8/jersey-core-1.8.jar:/home/dani/.m2/repository/org/neo4j/neo4j/1.4.M06/neo4j-1.4.M06.jar:/home/dani/.m2/repository/org/neo4j/neo4j-kernel/1.4.M06/neo4j-kernel-1.4.M06.jar:/home/dani/.m2/repository/org/apache/geronimo/specs/geronimo-jta_1.1_spec/1.1.1/geronimo-jta_1.1_spec-1.1.1.jar:/home/dani/.m2/repository/org/neo4j/neo4j-lucene-index/1.4.M06/neo4j-lucene-index-1.4.M06.jar:/home/dani/.m2/repository/org/apache/lucene/lucene-core/3.1.0/lucene-core-3.1.0.jar:/home/dani/.m2/repository/org/neo4j/neo4j-graph-algo/1.4.M06/neo4j-graph-algo-1.4.M06.jar:/home/dani/.m2/repository/org/neo4j/neo4j-udc/1.4.M06/neo4j-udc-1.4.M06.jar:/home/dani/.m2/repository/org/neo4j/neo4j-graph-matching/1.4.M06/neo4j-graph-matching-1.4.M06.jar:/home/dani/.m2/repository/org/neo4j/neo4j-cypher/1.4.M06/neo4j-cypher-1.4.M06.jar:/home/dani/.m2/repository/org/scala-lang/scala-library/2.9.0-1/scala-library-2.9.0-1.jar:/home/dani/.m2/repository/org/neo4j/neo4j-jmx/1.4.M06/neo4j-jmx-1.4.M06.jar:/home/dani/.m2/repository/org/neo4j/neo4j-kernel/1.4.M06/neo4j-kernel-1.4.M06-tests.jar:/home/dani/.m2/repository/com/sun/jersey/jersey-client/1.8/jersey-client-1.8.jar:/home/dani/.m2/repository/org/codehaus/jackson/jackson-jaxrs/1.8.0/jackson-jaxrs-1.8.0.jar:/home/dani/.m2/repository/org/codehaus/jackson/jackson-core-asl/1.8.0/jackson-core-asl-1.8.0.jar:/home/dani/.m2/repository/org/codehaus/jackson/jackson-mapper-asl/1.8.0/jackson-mapper-asl-1.8.0.jar:/home/dani/.m2/repository/com/sun/jersey/jersey-json/1.8/jersey-json-1.8.jar:/home/dani/.m2/repository/org/codehaus/jettison/jettison/1.2/jettison-1.2.jar:/home/dani/.m2/repository/stax/stax-api/1.0.1/stax-api-1.0.1.jar:/home/dani/.m2/repository/com/sun/xml/bind/jaxb-impl/2.2.3-1/jaxb-impl-2.2.3-1.jar:/home/dani/.m2/repository/javax/xml/bind/jaxb-api/2.2.2/jaxb-api-2.2.2.jar:/home/dani/.m2/repository/javax/xml/stream/stax-api/1.0-2/stax-api-1.0-2.jar:/home/dani/.m2/repository/javax/activation/activation/1.1/activation-1.1.jar:/home/dani/.m2/repository/org/codehaus/jackson/jackson-xc/1.7.1/jackson-xc-1.7.1.jar:"/>
    <property name="java.vm.specification.version" value="1.0"/>
    <property name="sun.arch.data.model" value="32"/>
    <property name="java.home" value="/usr/lib/jvm/java-6-sun-1.6.0.26/jre"/>
    <property name="sun.java.command" value="/tmp/surefirebooter6548005333636337616.jar /tmp/surefire4792693987810396944tmp /tmp/surefire1353985887101106953tmp"/>
    <property name="java.specification.vendor" value="Sun Microsystems Inc."/>
    <property name="user.language" value="en"/>
    <property name="java.vm.info" value="mixed mode"/>
    <property name="java.version" value="1.6.0_26"/>
    <property name="java.ext.dirs" value="/usr/lib/jvm/java-6-sun-1.6.0.26/jre/lib/ext:/usr/java/packages/lib/ext"/>
    <property name="sun.boot.class.path" value="/usr/lib/jvm/java-6-sun-1.6.0.26/jre/lib/resources.jar:/usr/lib/jvm/java-6-sun-1.6.0.26/jre/lib/rt.jar:/usr/lib/jvm/java-6-sun-1.6.0.26/jre/lib/sunrsasign.jar:/usr/lib/jvm/java-6-sun-1.6.0.26/jre/lib/jsse.jar:/usr/lib/jvm/java-6-sun-1.6.0.26/jre/lib/jce.jar:/usr/lib/jvm/java-6-sun-1.6.0.26/jre/lib/charsets.jar:/usr/lib/jvm/java-6-sun-1.6.0.26/jre/lib/modules/jdk.boot.jar:/usr/lib/jvm/java-6-sun-1.6.0.26/jre/classes"/>
    <property name="java.vendor" value="Sun Microsystems Inc."/>
    <property name="localRepository" value="/home/dani/.m2/repository"/>
    <property name="file.separator" value="/"/>
    <property name="java.vendor.url.bug" value="http://java.sun.com/cgi-bin/bugreport.cgi"/>
    <property name="sun.cpu.endian" value="little"/>
    <property name="sun.io.unicode.encoding" value="UnicodeLittle"/>
    <property name="sun.desktop" value="gnome"/>
    <property name="sun.cpu.isalist" value=""/>
  </properties>
  <testcase time="0.369" classname="eu.masconsult.test.ItemServiceTest" name="testAdd"/>
  <testcase time="0.019" classname="eu.masconsult.test.ItemServiceTest" name="testRemove"/>
  <testcase time="0.139" classname="eu.masconsult.test.ItemServiceTest" name="testAdjacent"/>
  <testcase time="0.266" classname="eu.masconsult.test.ItemServiceTest" name="testAllConnected"/>
  <testcase time="0.354" classname="eu.masconsult.test.ItemServiceTest" name="testLargestItemSet"/>
</testsuite>